2025-10-22 00:50:17 - INFO - Running Analysis Mode...
2025-10-22 00:50:23 - INFO - Decoding RAW file...
2025-10-22 00:50:28 - INFO - RAW file decoded successfully.
2025-10-22 00:50:29 - INFO - Current DE00 at step DecodeRaw: 18.25188233001877
2025-10-22 00:50:33 - INFO - Applying flat-field correction...
2025-10-22 00:50:33 - INFO - Decoding RAW file...
2025-10-22 00:50:38 - INFO - RAW file decoded successfully.
2025-10-22 00:51:25 - INFO - Flat-field correction applied.
2025-10-22 00:51:25 - INFO - Current DE00 at step flat_fielding_correction: 17.394532856615864
2025-10-22 00:51:30 - INFO - Applying exposure correction...
2025-10-22 00:51:30 - INFO - Exposure correction applied.
2025-10-22 00:51:30 - INFO - Current DE00 at step exposure_correction: 6.256240524636609
2025-10-22 00:51:34 - INFO - Applying white balance correction
2025-10-22 00:51:34 - INFO - White balance correction applied successfully
2025-10-22 00:51:34 - INFO - Current DE00 at step white_balance_correction: 0.9177838671048928
2025-10-22 00:51:38 - INFO - Applying ridge correction matrix...
2025-10-22 00:51:38 - INFO - Color correction matrix applied.
2025-10-22 00:51:38 - INFO - Current DE00 at step ridge_ccm: 0.6562217702232819
2025-10-22 00:51:42 - INFO - Applying fin color correction matrix...
2025-10-22 00:51:42 - INFO - Additional color correction matrix applied.
2025-10-22 00:51:42 - INFO - Current DE00 at step finlayson_ccm: 0.6391100840525571
2025-10-22 00:51:46 - INFO - Starting WLS correction process...
2025-10-22 00:51:46 - INFO - WLS correction applied successfully.
2025-10-22 00:51:46 - INFO - Current DE00 at step wls_correction: 0.6348569663830225
2025-10-22 00:51:50 - INFO - Starting polynomial fitting correction process...
2025-10-22 00:51:50 - INFO - Polynomial fitting correction applied successfully.
2025-10-22 00:51:50 - INFO - Current DE00 at step polynomial_correction: 0.5895141808973753
2025-10-22 00:51:53 - INFO - EXIF metadata transferred successfully.
