2025-07-15 14:23:39 - INFO - Running Analysis Mode...
2025-07-15 14:23:45 - INFO - Decoding RAW file...
2025-07-15 14:23:49 - INFO - RAW file decoded successfully.
2025-07-15 14:23:50 - INFO - Current DE00 at step DecodeRaw: 18.244433164263757
2025-07-15 14:23:54 - INFO - Applying exposure correction...
2025-07-15 14:24:44 - INFO - Exposure correction applied.
2025-07-15 14:24:44 - INFO - Current DE00 at step exposure_correction: 5.862735874056692
2025-07-15 14:24:48 - INFO - Applying white balance correction
2025-07-15 14:24:50 - INFO - White balance correction applied successfully
2025-07-15 14:24:50 - INFO - Current DE00 at step white_balance_correction: 1.0971928250896195
2025-07-15 14:24:54 - INFO - Applying ridge correction matrix...
2025-07-15 14:24:55 - INFO - Color correction matrix applied.
2025-07-15 14:24:55 - INFO - Current DE00 at step ridge_ccm: 1.0157482108438252
2025-07-15 14:25:00 - INFO - Applying fin color correction matrix...
2025-07-15 14:25:01 - INFO - Additional color correction matrix applied.
2025-07-15 14:25:01 - INFO - Current DE00 at step finlayson_ccm: 0.9869361418894305
2025-07-15 14:25:05 - INFO - Starting WLS correction process...
2025-07-15 14:25:09 - INFO - WLS correction applied successfully.
2025-07-15 14:25:09 - INFO - Current DE00 at step wls_correction: 0.9439046843768139
2025-07-15 14:25:13 - INFO - Starting polynomial fitting correction process...
2025-07-15 14:25:20 - INFO - Polynomial fitting correction applied successfully.
2025-07-15 14:25:20 - INFO - Time taken: 7.267980337142944 seconds
2025-07-15 14:25:20 - INFO - The step polynomial_correction didn't improve DE00. This step will be skipped
2025-07-15 14:25:20 - INFO - Current DE00 at step polynomial_correction: 0.9439046843768139
2025-07-15 14:25:43 - INFO - EXIF metadata transferred successfully.
2025-07-15 14:26:11 - INFO - Analysis Mode completed successfully.
2025-07-15 14:27:31 - INFO - Running Development Mode...
2025-07-15 14:27:37 - INFO - Decoding RAW file...
2025-07-15 14:27:41 - INFO - RAW file decoded successfully.
2025-07-15 14:27:45 - INFO - Applying exposure correction...
2025-07-15 14:28:44 - INFO - Exposure correction applied.
2025-07-15 14:28:49 - INFO - Applying white balance correction
2025-07-15 14:28:51 - INFO - White balance correction applied successfully
2025-07-15 14:28:55 - INFO - Applying ridge correction matrix...
2025-07-15 14:28:56 - INFO - Color correction matrix applied.
2025-07-15 14:29:00 - INFO - Applying fin color correction matrix...
2025-07-15 14:29:01 - INFO - Additional color correction matrix applied.
2025-07-15 14:29:05 - INFO - Starting WLS correction process...
2025-07-15 14:29:09 - INFO - WLS correction applied successfully.
2025-07-15 14:29:32 - INFO - EXIF metadata transferred successfully.
2025-07-15 14:29:52 - INFO - Decoding RAW file...
2025-07-15 14:29:56 - INFO - RAW file decoded successfully.
2025-07-15 14:30:01 - INFO - Applying exposure correction...
2025-07-15 14:30:54 - INFO - Exposure correction applied.
2025-07-15 14:30:58 - INFO - Applying white balance correction
2025-07-15 14:31:00 - INFO - White balance correction applied successfully
2025-07-15 14:31:04 - INFO - Applying ridge correction matrix...
2025-07-15 14:31:05 - INFO - Color correction matrix applied.
2025-07-15 14:31:10 - INFO - Applying fin color correction matrix...
2025-07-15 14:31:10 - INFO - Additional color correction matrix applied.
2025-07-15 14:31:14 - INFO - Starting WLS correction process...
2025-07-15 14:31:18 - INFO - WLS correction applied successfully.
2025-07-15 14:31:41 - INFO - EXIF metadata transferred successfully.
2025-07-15 14:32:05 - INFO - Decoding RAW file...
2025-07-15 14:32:09 - INFO - RAW file decoded successfully.
2025-07-15 14:32:13 - INFO - Applying exposure correction...
2025-07-15 14:33:05 - INFO - Exposure correction applied.
2025-07-15 14:33:09 - INFO - Applying white balance correction
2025-07-15 14:33:11 - INFO - White balance correction applied successfully
2025-07-15 14:33:15 - INFO - Applying ridge correction matrix...
2025-07-15 14:33:16 - INFO - Color correction matrix applied.
2025-07-15 14:33:20 - INFO - Applying fin color correction matrix...
2025-07-15 14:33:21 - INFO - Additional color correction matrix applied.
2025-07-15 14:33:25 - INFO - Starting WLS correction process...
2025-07-15 14:33:29 - INFO - WLS correction applied successfully.
2025-07-15 14:33:51 - INFO - EXIF metadata transferred successfully.
2025-07-15 14:34:14 - INFO - Decoding RAW file...
2025-07-15 14:34:18 - INFO - RAW file decoded successfully.
2025-07-15 14:34:22 - INFO - Applying exposure correction...
2025-07-15 14:35:13 - INFO - Exposure correction applied.
2025-07-15 14:35:17 - INFO - Applying white balance correction
2025-07-15 14:35:19 - INFO - White balance correction applied successfully
2025-07-15 14:35:23 - INFO - Applying ridge correction matrix...
2025-07-15 14:35:24 - INFO - Color correction matrix applied.
2025-07-15 14:35:28 - INFO - Applying fin color correction matrix...
2025-07-15 14:35:29 - INFO - Additional color correction matrix applied.
2025-07-15 14:35:33 - INFO - Starting WLS correction process...
2025-07-15 14:35:37 - INFO - WLS correction applied successfully.
2025-07-15 14:35:59 - INFO - EXIF metadata transferred successfully.
2025-07-15 14:36:23 - INFO - Decoding RAW file...
2025-07-15 14:36:28 - INFO - RAW file decoded successfully.
2025-07-15 14:36:32 - INFO - Applying exposure correction...
2025-07-15 14:37:24 - INFO - Exposure correction applied.
2025-07-15 14:37:28 - INFO - Applying white balance correction
2025-07-15 14:37:30 - INFO - White balance correction applied successfully
2025-07-15 14:37:34 - INFO - Applying ridge correction matrix...
2025-07-15 14:37:35 - INFO - Color correction matrix applied.
2025-07-15 14:37:39 - INFO - Applying fin color correction matrix...
2025-07-15 14:37:40 - INFO - Additional color correction matrix applied.
2025-07-15 14:37:44 - INFO - Starting WLS correction process...
2025-07-15 16:30:26 - INFO - Running Development Mode...
2025-07-15 16:30:32 - INFO - Decoding RAW file...
2025-07-15 16:30:36 - INFO - RAW file decoded successfully.
2025-07-15 16:30:40 - INFO - Applying exposure correction...
2025-07-15 16:31:31 - INFO - Exposure correction applied.
2025-07-15 16:31:35 - INFO - Applying white balance correction
2025-07-15 16:31:37 - INFO - White balance correction applied successfully
2025-07-15 16:31:41 - INFO - Applying ridge correction matrix...
2025-07-15 16:31:42 - INFO - Color correction matrix applied.
2025-07-15 16:31:46 - INFO - Applying fin color correction matrix...
2025-07-15 16:31:47 - INFO - Additional color correction matrix applied.
2025-07-15 16:31:51 - INFO - Starting WLS correction process...
2025-07-15 16:31:55 - INFO - WLS correction applied successfully.
2025-07-15 16:32:18 - INFO - EXIF metadata transferred successfully.
2025-07-15 16:32:42 - INFO - Decoding RAW file...
2025-07-15 16:32:46 - INFO - RAW file decoded successfully.
2025-07-15 16:32:50 - INFO - Applying exposure correction...
2025-07-15 16:33:42 - INFO - Exposure correction applied.
2025-07-15 16:33:47 - INFO - Applying white balance correction
2025-07-15 16:33:48 - INFO - White balance correction applied successfully
2025-07-15 16:33:52 - INFO - Applying ridge correction matrix...
2025-07-15 16:33:54 - INFO - Color correction matrix applied.
2025-07-15 16:33:58 - INFO - Applying fin color correction matrix...
2025-07-15 16:33:58 - INFO - Additional color correction matrix applied.
2025-07-15 16:34:03 - INFO - Starting WLS correction process...
2025-07-15 16:34:06 - INFO - WLS correction applied successfully.
2025-07-15 16:34:28 - INFO - EXIF metadata transferred successfully.
2025-07-15 16:34:51 - INFO - Decoding RAW file...
2025-07-15 16:34:55 - INFO - RAW file decoded successfully.
2025-07-15 16:34:59 - INFO - Applying exposure correction...
2025-07-15 16:35:51 - INFO - Exposure correction applied.
2025-07-15 16:35:55 - INFO - Applying white balance correction
2025-07-15 16:35:57 - INFO - White balance correction applied successfully
2025-07-15 16:36:01 - INFO - Applying ridge correction matrix...
2025-07-15 16:36:02 - INFO - Color correction matrix applied.
2025-07-15 16:36:06 - INFO - Applying fin color correction matrix...
2025-07-15 16:36:07 - INFO - Additional color correction matrix applied.
2025-07-15 16:36:11 - INFO - Starting WLS correction process...
2025-07-15 16:36:15 - INFO - WLS correction applied successfully.
2025-07-15 16:36:36 - INFO - EXIF metadata transferred successfully.
2025-07-15 16:36:57 - INFO - Decoding RAW file...
2025-07-15 16:37:01 - INFO - RAW file decoded successfully.
2025-07-15 16:37:05 - INFO - Applying exposure correction...
2025-07-15 16:37:56 - INFO - Exposure correction applied.
2025-07-15 16:38:01 - INFO - Applying white balance correction
2025-07-15 16:38:02 - INFO - White balance correction applied successfully
2025-07-15 16:38:06 - INFO - Applying ridge correction matrix...
2025-07-15 16:38:08 - INFO - Color correction matrix applied.
2025-07-15 16:38:12 - INFO - Applying fin color correction matrix...
2025-07-15 16:38:13 - INFO - Additional color correction matrix applied.
2025-07-15 16:38:17 - INFO - Starting WLS correction process...
2025-07-15 16:38:21 - INFO - WLS correction applied successfully.
2025-07-15 16:38:43 - INFO - EXIF metadata transferred successfully.
2025-07-15 16:39:05 - INFO - Decoding RAW file...
2025-07-15 16:39:09 - INFO - RAW file decoded successfully.
2025-07-15 16:39:13 - INFO - Applying exposure correction...
2025-07-15 16:40:06 - INFO - Exposure correction applied.
2025-07-15 16:40:10 - INFO - Applying white balance correction
2025-07-15 16:40:11 - INFO - White balance correction applied successfully
2025-07-15 16:40:15 - INFO - Applying ridge correction matrix...
2025-07-15 16:40:17 - INFO - Color correction matrix applied.
2025-07-15 16:40:21 - INFO - Applying fin color correction matrix...
2025-07-15 16:40:22 - INFO - Additional color correction matrix applied.
2025-07-15 16:40:26 - INFO - Starting WLS correction process...
2025-07-15 16:52:16 - INFO - Running Development Mode...
2025-07-15 16:52:22 - INFO - Decoding RAW file...
2025-07-15 16:52:26 - INFO - RAW file decoded successfully.
2025-07-15 16:52:30 - INFO - Applying exposure correction...
2025-07-15 16:53:20 - INFO - Exposure correction applied.
2025-07-15 16:53:24 - INFO - Applying white balance correction
2025-07-15 16:53:25 - INFO - White balance correction applied successfully
2025-07-15 16:53:29 - INFO - Applying ridge correction matrix...
2025-07-15 16:53:31 - INFO - Color correction matrix applied.
2025-07-15 16:53:35 - INFO - Applying fin color correction matrix...
2025-07-15 16:53:36 - INFO - Additional color correction matrix applied.
2025-07-15 16:53:40 - INFO - Starting WLS correction process...
2025-07-15 16:53:44 - INFO - WLS correction applied successfully.
2025-07-15 16:54:06 - INFO - EXIF metadata transferred successfully.
2025-07-15 16:54:29 - INFO - Decoding RAW file...
2025-07-15 16:54:33 - INFO - RAW file decoded successfully.
2025-07-15 16:54:37 - INFO - Applying exposure correction...
2025-07-15 16:55:31 - INFO - Exposure correction applied.
2025-07-15 16:55:35 - INFO - Applying white balance correction
2025-07-15 16:55:37 - INFO - White balance correction applied successfully
2025-07-15 16:55:41 - INFO - Applying ridge correction matrix...
2025-07-15 16:55:42 - INFO - Color correction matrix applied.
2025-07-15 16:55:47 - INFO - Applying fin color correction matrix...
2025-07-15 16:55:47 - INFO - Additional color correction matrix applied.
2025-07-15 16:55:52 - INFO - Starting WLS correction process...
2025-07-15 16:55:56 - INFO - WLS correction applied successfully.
2025-07-15 16:56:18 - INFO - EXIF metadata transferred successfully.
2025-07-15 16:56:38 - INFO - Decoding RAW file...
2025-07-15 16:56:42 - INFO - RAW file decoded successfully.
2025-07-15 16:56:46 - INFO - Applying exposure correction...
2025-07-15 16:57:39 - INFO - Exposure correction applied.
2025-07-15 16:57:43 - INFO - Applying white balance correction
2025-07-15 16:57:45 - INFO - White balance correction applied successfully
2025-07-15 16:57:49 - INFO - Applying ridge correction matrix...
2025-07-15 16:57:50 - INFO - Color correction matrix applied.
2025-07-15 16:57:54 - INFO - Applying fin color correction matrix...
2025-07-15 16:57:55 - INFO - Additional color correction matrix applied.
2025-07-15 16:57:59 - INFO - Starting WLS correction process...
2025-07-15 16:58:03 - INFO - WLS correction applied successfully.
2025-07-15 16:58:26 - INFO - EXIF metadata transferred successfully.
2025-07-15 16:58:49 - INFO - Decoding RAW file...
2025-07-15 16:58:53 - INFO - RAW file decoded successfully.
2025-07-15 16:58:57 - INFO - Applying exposure correction...
2025-07-15 16:59:55 - INFO - Exposure correction applied.
2025-07-15 16:59:59 - INFO - Applying white balance correction
2025-07-15 17:00:01 - INFO - White balance correction applied successfully
2025-07-15 17:00:05 - INFO - Applying ridge correction matrix...
2025-07-15 17:00:06 - INFO - Color correction matrix applied.
2025-07-15 17:00:11 - INFO - Applying fin color correction matrix...
2025-07-15 17:00:11 - INFO - Additional color correction matrix applied.
2025-07-15 17:00:16 - INFO - Starting WLS correction process...
2025-07-15 17:00:20 - INFO - WLS correction applied successfully.
2025-07-15 17:00:44 - INFO - EXIF metadata transferred successfully.
2025-07-15 17:01:08 - INFO - Decoding RAW file...
2025-07-15 17:01:13 - INFO - RAW file decoded successfully.
2025-07-15 17:01:17 - INFO - Applying exposure correction...
2025-07-15 17:02:12 - INFO - Exposure correction applied.
2025-07-15 17:02:16 - INFO - Applying white balance correction
2025-07-15 17:02:17 - INFO - White balance correction applied successfully
2025-07-15 17:02:21 - INFO - Applying ridge correction matrix...
2025-07-15 17:02:23 - INFO - Color correction matrix applied.
2025-07-15 17:02:27 - INFO - Applying fin color correction matrix...
2025-07-15 17:02:28 - INFO - Additional color correction matrix applied.
2025-07-15 17:02:32 - INFO - Starting WLS correction process...
2025-07-15 17:02:36 - INFO - WLS correction applied successfully.
2025-07-15 17:02:59 - INFO - EXIF metadata transferred successfully.
2025-07-15 17:03:23 - INFO - Decoding RAW file...
2025-07-15 17:03:28 - INFO - RAW file decoded successfully.
2025-07-15 17:03:32 - INFO - Applying exposure correction...
2025-07-15 17:04:30 - INFO - Exposure correction applied.
2025-07-15 17:04:34 - INFO - Applying white balance correction
2025-07-15 17:04:36 - INFO - White balance correction applied successfully
2025-07-15 17:04:40 - INFO - Applying ridge correction matrix...
2025-07-15 17:04:41 - INFO - Color correction matrix applied.
2025-07-15 17:04:45 - INFO - Applying fin color correction matrix...
2025-07-15 17:04:46 - INFO - Additional color correction matrix applied.
2025-07-15 17:04:50 - INFO - Starting WLS correction process...
2025-07-15 17:04:55 - INFO - WLS correction applied successfully.
2025-07-15 17:05:19 - INFO - EXIF metadata transferred successfully.
2025-07-15 17:05:42 - INFO - Decoding RAW file...
2025-07-15 17:05:47 - INFO - RAW file decoded successfully.
2025-07-15 17:05:51 - INFO - Applying exposure correction...
2025-07-15 17:06:51 - INFO - Exposure correction applied.
2025-07-15 17:06:55 - INFO - Applying white balance correction
2025-07-15 17:06:57 - INFO - White balance correction applied successfully
2025-07-15 17:07:01 - INFO - Applying ridge correction matrix...
2025-07-15 17:07:02 - INFO - Color correction matrix applied.
2025-07-15 17:07:07 - INFO - Applying fin color correction matrix...
2025-07-15 17:07:07 - INFO - Additional color correction matrix applied.
2025-07-15 17:07:12 - INFO - Starting WLS correction process...
2025-07-15 17:07:16 - INFO - WLS correction applied successfully.
2025-07-15 17:07:41 - INFO - EXIF metadata transferred successfully.
2025-07-15 17:08:05 - INFO - Decoding RAW file...
2025-07-15 17:08:10 - INFO - RAW file decoded successfully.
2025-07-15 17:08:14 - INFO - Applying exposure correction...
2025-07-15 17:09:13 - INFO - Exposure correction applied.
2025-07-15 17:09:17 - INFO - Applying white balance correction
2025-07-15 17:09:19 - INFO - White balance correction applied successfully
2025-07-15 17:09:24 - INFO - Applying ridge correction matrix...
2025-07-15 17:09:25 - INFO - Color correction matrix applied.
2025-07-15 17:09:29 - INFO - Applying fin color correction matrix...
2025-07-15 17:09:30 - INFO - Additional color correction matrix applied.
2025-07-15 17:09:34 - INFO - Starting WLS correction process...
2025-07-15 17:09:38 - INFO - WLS correction applied successfully.
2025-07-15 17:10:02 - INFO - EXIF metadata transferred successfully.
2025-07-15 17:10:25 - INFO - Decoding RAW file...
2025-07-15 17:10:30 - INFO - RAW file decoded successfully.
2025-07-15 17:10:34 - INFO - Applying exposure correction...
2025-07-15 17:11:36 - INFO - Exposure correction applied.
2025-07-15 17:11:40 - INFO - Applying white balance correction
2025-07-15 17:11:42 - INFO - White balance correction applied successfully
2025-07-15 17:11:46 - INFO - Applying ridge correction matrix...
2025-07-15 17:11:48 - INFO - Color correction matrix applied.
2025-07-15 17:11:52 - INFO - Applying fin color correction matrix...
2025-07-15 17:11:53 - INFO - Additional color correction matrix applied.
2025-07-15 17:11:57 - INFO - Starting WLS correction process...
2025-07-15 17:12:01 - INFO - WLS correction applied successfully.
2025-07-15 17:12:25 - INFO - EXIF metadata transferred successfully.
2025-07-15 17:12:49 - INFO - Decoding RAW file...
2025-07-15 17:12:53 - INFO - RAW file decoded successfully.
2025-07-15 17:12:57 - INFO - Applying exposure correction...
2025-07-15 17:13:58 - INFO - Exposure correction applied.
2025-07-15 17:14:02 - INFO - Applying white balance correction
2025-07-15 17:14:04 - INFO - White balance correction applied successfully
2025-07-15 17:14:08 - INFO - Applying ridge correction matrix...
2025-07-15 17:14:09 - INFO - Color correction matrix applied.
2025-07-15 17:14:13 - INFO - Applying fin color correction matrix...
2025-07-15 17:14:14 - INFO - Additional color correction matrix applied.
2025-07-15 17:14:18 - INFO - Starting WLS correction process...
2025-07-15 17:14:23 - INFO - WLS correction applied successfully.
2025-07-15 17:14:48 - INFO - EXIF metadata transferred successfully.
2025-07-15 17:15:05 - INFO - Development Mode completed successfully.
2025-10-01 12:29:29 - INFO - Running Analysis Mode...
2025-10-01 12:29:35 - INFO - Decoding RAW file...
2025-10-01 12:29:39 - INFO - RAW file decoded successfully.
2025-10-01 12:29:40 - INFO - Current DE00 at step DecodeRaw: 18.244433164263757
2025-10-01 12:29:44 - INFO - Applying exposure correction...
2025-10-01 12:30:05 - INFO - Running Analysis Mode...
2025-10-01 12:30:11 - INFO - Decoding RAW file...
2025-10-01 12:30:15 - INFO - RAW file decoded successfully.
2025-10-01 12:30:16 - INFO - Current DE00 at step DecodeRaw: 18.244433164263757
2025-10-01 12:30:20 - INFO - Applying exposure correction...
2025-10-01 12:30:31 - INFO - Exposure correction applied.
2025-10-01 12:30:31 - INFO - Current DE00 at step exposure_correction: 5.862735874056692
2025-10-01 12:30:35 - INFO - Applying white balance correction
2025-10-01 12:30:36 - INFO - White balance correction applied successfully
2025-10-01 12:30:36 - INFO - Current DE00 at step white_balance_correction: 1.0971928250896195
2025-10-01 12:30:41 - INFO - Applying ridge correction matrix...
2025-10-01 12:30:42 - INFO - Color correction matrix applied.
2025-10-01 12:30:42 - INFO - Current DE00 at step ridge_ccm: 1.0157482108438252
2025-10-01 12:30:46 - INFO - Applying fin color correction matrix...
2025-10-01 12:30:48 - INFO - Additional color correction matrix applied.
2025-10-01 12:30:48 - INFO - Current DE00 at step finlayson_ccm: 0.9869361418894305
2025-10-01 12:30:52 - INFO - Starting WLS correction process...
2025-10-01 12:30:56 - INFO - WLS correction applied successfully.
2025-10-01 12:30:56 - INFO - Current DE00 at step wls_correction: 0.9439046843768139
2025-10-01 12:31:00 - INFO - Starting polynomial fitting correction process...
2025-10-01 12:31:07 - INFO - Polynomial fitting correction applied successfully.
2025-10-01 12:31:07 - INFO - Time taken: 7.278744697570801 seconds
2025-10-01 12:31:07 - INFO - The step polynomial_correction didn't improve DE00. This step will be skipped
2025-10-01 12:31:07 - INFO - Current DE00 at step polynomial_correction: 0.9439046843768139
2025-10-01 12:31:08 - INFO - Exposure correction applied.
2025-10-01 12:31:08 - INFO - Current DE00 at step exposure_correction: 5.862735874056692
2025-10-01 12:31:12 - INFO - Applying white balance correction
2025-10-01 12:31:14 - INFO - White balance correction applied successfully
2025-10-01 12:31:14 - INFO - Current DE00 at step white_balance_correction: 1.0971928250896195
2025-10-01 12:31:18 - INFO - Applying ridge correction matrix...
2025-10-01 12:31:20 - INFO - Color correction matrix applied.
2025-10-01 12:31:20 - INFO - Current DE00 at step ridge_ccm: 1.0157482108438252
2025-10-01 12:31:24 - INFO - Applying fin color correction matrix...
2025-10-01 12:31:25 - INFO - Additional color correction matrix applied.
2025-10-01 12:31:25 - INFO - Current DE00 at step finlayson_ccm: 0.9869361418894305
2025-10-01 12:31:28 - INFO - EXIF metadata transferred successfully.
2025-10-01 12:31:28 - INFO - Analysis Mode completed successfully.
2025-10-01 12:31:29 - INFO - Starting WLS correction process...
2025-10-01 12:31:33 - INFO - WLS correction applied successfully.
2025-10-01 12:31:33 - INFO - Current DE00 at step wls_correction: 0.9439046843768139
2025-10-01 12:31:37 - INFO - Starting polynomial fitting correction process...
2025-10-01 12:31:43 - INFO - Polynomial fitting correction applied successfully.
2025-10-01 12:31:43 - INFO - Time taken: 6.508240699768066 seconds
2025-10-01 12:31:43 - INFO - The step polynomial_correction didn't improve DE00. This step will be skipped
2025-10-01 12:31:43 - INFO - Current DE00 at step polynomial_correction: 0.9439046843768139
2025-10-01 12:32:04 - INFO - EXIF metadata transferred successfully.
2025-10-01 12:32:04 - INFO - Analysis Mode completed successfully.
2025-10-01 13:30:07 - INFO - Running Analysis Mode...
2025-10-01 13:30:13 - INFO - Decoding RAW file...
2025-10-01 13:30:17 - INFO - RAW file decoded successfully.
2025-10-01 13:30:18 - INFO - Current DE00 at step DecodeRaw: 18.244433164263757
2025-10-01 13:30:22 - INFO - Applying exposure correction...
2025-10-01 13:31:07 - INFO - Exposure correction applied.
2025-10-01 13:31:07 - INFO - Current DE00 at step exposure_correction: 5.862735874056692
2025-10-01 13:31:11 - INFO - Applying white balance correction
2025-10-01 13:31:13 - INFO - White balance correction applied successfully
2025-10-01 13:31:13 - INFO - Current DE00 at step white_balance_correction: 1.0971928250896195
2025-10-01 13:31:17 - INFO - Applying ridge correction matrix...
2025-10-01 13:31:18 - INFO - Color correction matrix applied.
2025-10-01 13:31:18 - INFO - Current DE00 at step ridge_ccm: 1.0157482108438252
2025-10-01 13:31:22 - INFO - Applying fin color correction matrix...
2025-10-01 13:31:24 - INFO - Additional color correction matrix applied.
2025-10-01 13:31:24 - INFO - Current DE00 at step finlayson_ccm: 0.9869361418894305
2025-10-01 13:31:28 - INFO - Starting WLS correction process...
2025-10-01 13:31:31 - INFO - WLS correction applied successfully.
2025-10-01 13:31:31 - INFO - Current DE00 at step wls_correction: 0.9439046843768139
2025-10-01 13:31:35 - INFO - Starting polynomial fitting correction process...
2025-10-01 13:31:42 - INFO - Polynomial fitting correction applied successfully.
2025-10-01 13:31:42 - INFO - Time taken: 6.408024072647095 seconds
2025-10-01 13:31:42 - INFO - The step polynomial_correction didn't improve DE00. This step will be skipped
2025-10-01 13:31:42 - INFO - Current DE00 at step polynomial_correction: 0.9439046843768139
2025-10-01 13:32:02 - INFO - EXIF metadata transferred successfully.
2025-10-01 13:32:02 - INFO - Analysis Mode completed successfully.
2025-10-01 16:16:53 - INFO - Running Analysis Mode...
2025-10-01 16:16:59 - INFO - Decoding RAW file...
2025-10-01 16:17:04 - INFO - RAW file decoded successfully.
2025-10-01 16:17:05 - INFO - Current DE00 at step DecodeRaw: 18.244433164263757
2025-10-01 16:17:09 - INFO - Applying exposure correction...
2025-10-01 16:18:08 - INFO - Exposure correction applied.
2025-10-01 16:18:08 - INFO - Current DE00 at step exposure_correction: 5.862735874056692
2025-10-01 16:18:12 - INFO - Applying white balance correction
2025-10-01 16:18:14 - INFO - White balance correction applied successfully
2025-10-01 16:18:14 - INFO - Current DE00 at step white_balance_correction: 1.0971928250896195
2025-10-01 16:18:18 - INFO - Applying flat-field correction...
2025-10-01 16:18:18 - INFO - Decoding RAW file...
2025-10-01 16:18:23 - INFO - RAW file decoded successfully.
2025-10-01 16:20:05 - INFO - Flat-field correction applied.
2025-10-01 16:20:05 - INFO - Current DE00 at step flat_fielding_correction: 1.2383930856347465
2025-10-01 16:20:09 - INFO - Applying ridge correction matrix...
2025-10-01 16:20:10 - INFO - Color correction matrix applied.
2025-10-01 16:20:10 - INFO - Current DE00 at step ridge_ccm: 0.6969749146191674
2025-10-01 16:20:14 - INFO - Applying fin color correction matrix...
2025-10-01 16:20:15 - INFO - Additional color correction matrix applied.
2025-10-01 16:20:15 - INFO - Current DE00 at step finlayson_ccm: 0.6794314187933382
2025-10-01 16:20:20 - INFO - Starting WLS correction process...
2025-10-01 16:20:24 - INFO - WLS correction applied successfully.
2025-10-01 16:20:24 - INFO - Current DE00 at step wls_correction: 0.6787324989980593
2025-10-01 16:20:28 - INFO - Starting polynomial fitting correction process...
2025-10-01 16:20:36 - INFO - Polynomial fitting correction applied successfully.
2025-10-01 16:20:36 - INFO - Time taken: 8.302512168884277 seconds
2025-10-01 16:20:36 - INFO - Current DE00 at step polynomial_correction: 0.6512552529074559
2025-10-01 16:21:02 - INFO - EXIF metadata transferred successfully.
2025-10-01 16:21:02 - INFO - Analysis Mode completed successfully.
2025-10-01 16:21:53 - INFO - Running Development Mode...
2025-10-01 16:21:59 - INFO - Decoding RAW file...
2025-10-01 16:22:04 - INFO - RAW file decoded successfully.
2025-10-01 16:22:08 - INFO - Applying exposure correction...
2025-10-01 16:23:05 - INFO - Exposure correction applied.
2025-10-01 16:23:10 - INFO - Applying white balance correction
2025-10-01 16:23:11 - INFO - White balance correction applied successfully
2025-10-01 16:23:15 - INFO - Applying ridge correction matrix...
2025-10-01 16:23:17 - INFO - Color correction matrix applied.
2025-10-01 16:23:21 - INFO - Applying fin color correction matrix...
2025-10-01 16:23:22 - INFO - Additional color correction matrix applied.
2025-10-01 16:23:26 - INFO - Starting WLS correction process...
2025-10-01 16:23:30 - INFO - WLS correction applied successfully.
2025-10-01 16:23:34 - INFO - Starting polynomial fitting correction process...
2025-10-01 16:23:42 - INFO - Polynomial fitting correction applied successfully.
2025-10-01 16:23:42 - INFO - Time taken: 8.369476318359375 seconds
2025-10-01 16:24:07 - INFO - EXIF metadata transferred successfully.
2025-10-01 16:24:14 - INFO - Decoding RAW file...
2025-10-01 16:24:19 - INFO - RAW file decoded successfully.
2025-10-01 16:24:23 - INFO - Applying exposure correction...
2025-10-01 16:25:21 - INFO - Exposure correction applied.
2025-10-01 16:25:25 - INFO - Applying white balance correction
2025-10-01 16:25:26 - INFO - White balance correction applied successfully
2025-10-01 16:25:31 - INFO - Applying ridge correction matrix...
2025-10-01 16:25:32 - INFO - Color correction matrix applied.
2025-10-01 16:25:36 - INFO - Applying fin color correction matrix...
2025-10-01 16:25:37 - INFO - Additional color correction matrix applied.
2025-10-01 16:25:41 - INFO - Starting WLS correction process...
2025-10-01 16:25:45 - INFO - WLS correction applied successfully.
2025-10-01 16:25:50 - INFO - Starting polynomial fitting correction process...
2025-10-01 16:25:57 - INFO - Polynomial fitting correction applied successfully.
2025-10-01 16:25:57 - INFO - Time taken: 7.719701528549194 seconds
2025-10-01 16:26:22 - INFO - EXIF metadata transferred successfully.
2025-10-01 16:26:29 - INFO - Decoding RAW file...
2025-10-01 16:26:34 - INFO - RAW file decoded successfully.
2025-10-01 16:26:38 - INFO - Applying exposure correction...
2025-10-01 16:27:35 - INFO - Exposure correction applied.
2025-10-01 16:27:39 - INFO - Applying white balance correction
2025-10-01 16:27:41 - INFO - White balance correction applied successfully
2025-10-01 16:27:45 - INFO - Applying ridge correction matrix...
2025-10-01 16:27:47 - INFO - Color correction matrix applied.
2025-10-01 16:27:51 - INFO - Applying fin color correction matrix...
2025-10-01 16:27:52 - INFO - Additional color correction matrix applied.
2025-10-01 16:27:56 - INFO - Starting WLS correction process...
2025-10-01 16:28:00 - INFO - WLS correction applied successfully.
2025-10-01 16:28:04 - INFO - Starting polynomial fitting correction process...
2025-10-01 16:28:12 - INFO - Polynomial fitting correction applied successfully.
2025-10-01 16:28:12 - INFO - Time taken: 8.036238431930542 seconds
2025-10-01 16:28:37 - INFO - EXIF metadata transferred successfully.
2025-10-01 16:28:44 - INFO - Decoding RAW file...
2025-10-01 16:28:49 - INFO - RAW file decoded successfully.
2025-10-01 16:28:53 - INFO - Applying exposure correction...
2025-10-01 16:29:51 - INFO - Exposure correction applied.
2025-10-01 16:29:55 - INFO - Applying white balance correction
2025-10-01 16:29:57 - INFO - White balance correction applied successfully
2025-10-01 16:30:01 - INFO - Applying ridge correction matrix...
2025-10-01 16:30:03 - INFO - Color correction matrix applied.
2025-10-01 16:30:07 - INFO - Applying fin color correction matrix...
2025-10-01 16:30:08 - INFO - Additional color correction matrix applied.
2025-10-01 16:30:12 - INFO - Starting WLS correction process...
2025-10-01 16:30:16 - INFO - WLS correction applied successfully.
2025-10-01 16:30:20 - INFO - Starting polynomial fitting correction process...
2025-10-01 16:30:28 - INFO - Polynomial fitting correction applied successfully.
2025-10-01 16:30:28 - INFO - Time taken: 7.921121120452881 seconds
2025-10-01 16:30:54 - INFO - EXIF metadata transferred successfully.
2025-10-01 16:31:01 - INFO - Decoding RAW file...
2025-10-01 16:31:06 - INFO - RAW file decoded successfully.
2025-10-01 16:31:10 - INFO - Applying exposure correction...
2025-10-01 16:32:07 - INFO - Exposure correction applied.
2025-10-01 16:32:11 - INFO - Applying white balance correction
2025-10-01 16:32:13 - INFO - White balance correction applied successfully
2025-10-01 16:32:17 - INFO - Applying ridge correction matrix...
2025-10-01 16:32:19 - INFO - Color correction matrix applied.
2025-10-01 16:32:23 - INFO - Applying fin color correction matrix...
2025-10-01 16:32:24 - INFO - Additional color correction matrix applied.
2025-10-01 16:32:28 - INFO - Starting WLS correction process...
2025-10-01 16:32:32 - INFO - WLS correction applied successfully.
2025-10-01 16:32:36 - INFO - Starting polynomial fitting correction process...
2025-10-01 16:32:44 - INFO - Polynomial fitting correction applied successfully.
2025-10-01 16:32:44 - INFO - Time taken: 8.123603343963623 seconds
2025-10-01 16:33:09 - INFO - EXIF metadata transferred successfully.
2025-10-01 16:33:15 - INFO - Decoding RAW file...
2025-10-01 16:33:20 - INFO - RAW file decoded successfully.
2025-10-01 16:33:24 - INFO - Applying exposure correction...
2025-10-01 16:34:24 - INFO - Exposure correction applied.
2025-10-01 16:34:29 - INFO - Applying white balance correction
2025-10-01 16:34:30 - INFO - White balance correction applied successfully
2025-10-01 16:34:35 - INFO - Applying ridge correction matrix...
2025-10-01 16:34:36 - INFO - Color correction matrix applied.
2025-10-01 16:34:40 - INFO - Applying fin color correction matrix...
2025-10-01 16:34:41 - INFO - Additional color correction matrix applied.
2025-10-01 16:34:45 - INFO - Starting WLS correction process...
2025-10-01 16:34:50 - INFO - WLS correction applied successfully.
2025-10-01 16:34:54 - INFO - Starting polynomial fitting correction process...
2025-10-01 16:35:02 - INFO - Polynomial fitting correction applied successfully.
2025-10-01 16:35:02 - INFO - Time taken: 8.063078165054321 seconds
2025-10-01 16:35:27 - INFO - EXIF metadata transferred successfully.
2025-10-01 16:35:33 - INFO - Decoding RAW file...
2025-10-01 16:35:38 - INFO - RAW file decoded successfully.
2025-10-01 16:35:42 - INFO - Applying exposure correction...
2025-10-01 16:36:41 - INFO - Exposure correction applied.
2025-10-01 16:36:45 - INFO - Applying white balance correction
2025-10-01 16:36:47 - INFO - White balance correction applied successfully
2025-10-01 16:36:51 - INFO - Applying ridge correction matrix...
2025-10-01 16:36:53 - INFO - Color correction matrix applied.
2025-10-01 16:36:57 - INFO - Applying fin color correction matrix...
2025-10-01 16:36:58 - INFO - Additional color correction matrix applied.
2025-10-01 16:37:02 - INFO - Starting WLS correction process...
2025-10-01 16:37:07 - INFO - WLS correction applied successfully.
2025-10-01 16:37:11 - INFO - Starting polynomial fitting correction process...
2025-10-01 16:37:19 - INFO - Polynomial fitting correction applied successfully.
2025-10-01 16:37:19 - INFO - Time taken: 8.334754705429077 seconds
2025-10-01 16:37:44 - INFO - EXIF metadata transferred successfully.
2025-10-01 16:37:51 - INFO - Decoding RAW file...
2025-10-01 16:37:56 - INFO - RAW file decoded successfully.
2025-10-01 16:38:00 - INFO - Applying exposure correction...
2025-10-01 16:38:59 - INFO - Exposure correction applied.
2025-10-01 16:39:03 - INFO - Applying white balance correction
2025-10-01 16:39:05 - INFO - White balance correction applied successfully
2025-10-01 16:39:09 - INFO - Applying ridge correction matrix...
2025-10-01 16:39:11 - INFO - Color correction matrix applied.
2025-10-01 16:39:15 - INFO - Applying fin color correction matrix...
2025-10-01 16:39:16 - INFO - Additional color correction matrix applied.
2025-10-01 16:39:20 - INFO - Starting WLS correction process...
2025-10-01 16:39:24 - INFO - WLS correction applied successfully.
2025-10-01 16:39:28 - INFO - Starting polynomial fitting correction process...
2025-10-01 16:39:37 - INFO - Polynomial fitting correction applied successfully.
2025-10-01 16:39:37 - INFO - Time taken: 8.766824007034302 seconds
2025-10-01 16:40:03 - INFO - EXIF metadata transferred successfully.
2025-10-01 16:40:09 - INFO - Decoding RAW file...
2025-10-01 16:40:14 - INFO - RAW file decoded successfully.
2025-10-01 16:40:18 - INFO - Applying exposure correction...
2025-10-01 16:41:16 - INFO - Exposure correction applied.
2025-10-01 16:41:20 - INFO - Applying white balance correction
2025-10-01 16:41:22 - INFO - White balance correction applied successfully
2025-10-01 16:41:26 - INFO - Applying ridge correction matrix...
2025-10-01 16:41:27 - INFO - Color correction matrix applied.
2025-10-01 16:41:31 - INFO - Applying fin color correction matrix...
2025-10-01 16:41:32 - INFO - Additional color correction matrix applied.
2025-10-01 16:41:36 - INFO - Starting WLS correction process...
2025-10-01 16:41:40 - INFO - WLS correction applied successfully.
2025-10-01 16:41:44 - INFO - Starting polynomial fitting correction process...
2025-10-01 16:41:52 - INFO - Polynomial fitting correction applied successfully.
2025-10-01 16:41:52 - INFO - Time taken: 7.8484556674957275 seconds
2025-10-01 16:42:17 - INFO - EXIF metadata transferred successfully.
2025-10-01 16:42:23 - INFO - Decoding RAW file...
2025-10-01 16:42:28 - INFO - RAW file decoded successfully.
2025-10-01 16:42:32 - INFO - Applying exposure correction...
2025-10-01 16:43:29 - INFO - Exposure correction applied.
2025-10-01 16:43:33 - INFO - Applying white balance correction
2025-10-01 16:43:35 - INFO - White balance correction applied successfully
2025-10-01 16:43:40 - INFO - Applying ridge correction matrix...
2025-10-01 16:43:41 - INFO - Color correction matrix applied.
2025-10-01 16:43:45 - INFO - Applying fin color correction matrix...
2025-10-01 16:43:46 - INFO - Additional color correction matrix applied.
2025-10-01 16:43:50 - INFO - Starting WLS correction process...
2025-10-01 16:43:54 - INFO - WLS correction applied successfully.
2025-10-01 16:43:58 - INFO - Starting polynomial fitting correction process...
2025-10-01 16:44:07 - INFO - Polynomial fitting correction applied successfully.
2025-10-01 16:44:07 - INFO - Time taken: 8.44872522354126 seconds
2025-10-01 16:44:33 - INFO - EXIF metadata transferred successfully.
2025-10-01 16:44:39 - INFO - Decoding RAW file...
2025-10-01 16:44:44 - INFO - RAW file decoded successfully.
2025-10-01 16:44:48 - INFO - Applying exposure correction...
2025-10-01 16:45:48 - INFO - Exposure correction applied.
2025-10-01 16:45:52 - INFO - Applying white balance correction
2025-10-01 16:45:54 - INFO - White balance correction applied successfully
2025-10-01 16:45:58 - INFO - Applying ridge correction matrix...
2025-10-01 16:46:00 - INFO - Color correction matrix applied.
2025-10-01 16:46:04 - INFO - Applying fin color correction matrix...
2025-10-01 16:46:05 - INFO - Additional color correction matrix applied.
2025-10-01 16:46:09 - INFO - Starting WLS correction process...
2025-10-01 16:46:13 - INFO - WLS correction applied successfully.
2025-10-01 16:46:17 - INFO - Starting polynomial fitting correction process...
2025-10-01 16:46:25 - INFO - Polynomial fitting correction applied successfully.
2025-10-01 16:46:25 - INFO - Time taken: 8.275532007217407 seconds
2025-10-01 16:46:51 - INFO - EXIF metadata transferred successfully.
2025-10-01 16:46:58 - INFO - Decoding RAW file...
2025-10-01 16:47:02 - INFO - RAW file decoded successfully.
2025-10-01 16:47:06 - INFO - Applying exposure correction...
2025-10-01 16:48:04 - INFO - Exposure correction applied.
2025-10-01 16:48:09 - INFO - Applying white balance correction
2025-10-01 16:48:10 - INFO - White balance correction applied successfully
2025-10-01 16:48:15 - INFO - Applying ridge correction matrix...
2025-10-01 16:48:16 - INFO - Color correction matrix applied.
2025-10-01 16:48:20 - INFO - Applying fin color correction matrix...
2025-10-01 16:48:21 - INFO - Additional color correction matrix applied.
2025-10-01 16:48:25 - INFO - Starting WLS correction process...
2025-10-01 16:48:29 - INFO - WLS correction applied successfully.
2025-10-01 16:48:34 - INFO - Starting polynomial fitting correction process...
2025-10-01 16:48:42 - INFO - Polynomial fitting correction applied successfully.
2025-10-01 16:48:42 - INFO - Time taken: 8.270482540130615 seconds
2025-10-01 16:49:07 - INFO - EXIF metadata transferred successfully.
2025-10-01 16:49:14 - INFO - Decoding RAW file...
2025-10-01 16:49:19 - INFO - RAW file decoded successfully.
2025-10-01 16:49:23 - INFO - Applying exposure correction...
2025-10-01 16:50:21 - INFO - Exposure correction applied.
2025-10-01 16:50:25 - INFO - Applying white balance correction
2025-10-01 16:50:27 - INFO - White balance correction applied successfully
2025-10-01 16:50:31 - INFO - Applying ridge correction matrix...
2025-10-01 16:50:32 - INFO - Color correction matrix applied.
2025-10-01 16:50:36 - INFO - Applying fin color correction matrix...
2025-10-01 16:50:37 - INFO - Additional color correction matrix applied.
2025-10-01 16:50:41 - INFO - Starting WLS correction process...
2025-10-01 16:50:45 - INFO - WLS correction applied successfully.
2025-10-01 16:50:49 - INFO - Starting polynomial fitting correction process...
2025-10-01 16:50:58 - INFO - Polynomial fitting correction applied successfully.
2025-10-01 16:50:58 - INFO - Time taken: 8.233359813690186 seconds
2025-10-01 16:51:22 - INFO - EXIF metadata transferred successfully.
2025-10-01 16:51:29 - INFO - Decoding RAW file...
2025-10-01 16:51:34 - INFO - RAW file decoded successfully.
2025-10-01 16:51:38 - INFO - Applying exposure correction...
2025-10-01 16:52:37 - INFO - Exposure correction applied.
2025-10-01 16:52:41 - INFO - Applying white balance correction
2025-10-01 16:52:43 - INFO - White balance correction applied successfully
2025-10-01 16:52:47 - INFO - Applying ridge correction matrix...
2025-10-01 16:52:48 - INFO - Color correction matrix applied.
2025-10-01 16:52:52 - INFO - Applying fin color correction matrix...
2025-10-01 16:52:53 - INFO - Additional color correction matrix applied.
2025-10-01 16:52:57 - INFO - Starting WLS correction process...
2025-10-01 16:53:01 - INFO - WLS correction applied successfully.
2025-10-01 16:53:05 - INFO - Starting polynomial fitting correction process...
2025-10-01 16:53:14 - INFO - Polynomial fitting correction applied successfully.
2025-10-01 16:53:14 - INFO - Time taken: 8.064325094223022 seconds
2025-10-01 16:53:39 - INFO - EXIF metadata transferred successfully.
2025-10-01 16:53:45 - INFO - Decoding RAW file...
2025-10-01 16:53:50 - INFO - RAW file decoded successfully.
2025-10-01 16:53:55 - INFO - Applying exposure correction...
2025-10-01 16:54:54 - INFO - Exposure correction applied.
2025-10-01 16:54:58 - INFO - Applying white balance correction
2025-10-01 16:55:00 - INFO - White balance correction applied successfully
2025-10-01 16:55:04 - INFO - Applying ridge correction matrix...
2025-10-01 16:55:06 - INFO - Color correction matrix applied.
2025-10-01 16:55:10 - INFO - Applying fin color correction matrix...
2025-10-01 16:55:11 - INFO - Additional color correction matrix applied.
2025-10-01 16:55:15 - INFO - Starting WLS correction process...
2025-10-01 16:55:19 - INFO - WLS correction applied successfully.
2025-10-01 16:55:23 - INFO - Starting polynomial fitting correction process...
2025-10-01 16:55:32 - INFO - Polynomial fitting correction applied successfully.
2025-10-01 16:55:32 - INFO - Time taken: 8.18949270248413 seconds
2025-10-01 16:55:57 - INFO - EXIF metadata transferred successfully.
2025-10-01 16:56:04 - INFO - Decoding RAW file...
2025-10-01 16:56:09 - INFO - RAW file decoded successfully.
2025-10-01 16:56:13 - INFO - Applying exposure correction...
2025-10-01 16:57:12 - INFO - Exposure correction applied.
2025-10-01 16:57:16 - INFO - Applying white balance correction
2025-10-01 16:57:19 - INFO - White balance correction applied successfully
2025-10-01 16:57:23 - INFO - Applying ridge correction matrix...
2025-10-01 16:57:24 - INFO - Color correction matrix applied.
2025-10-01 16:57:28 - INFO - Applying fin color correction matrix...
2025-10-01 16:57:29 - INFO - Additional color correction matrix applied.
2025-10-01 16:57:33 - INFO - Starting WLS correction process...
2025-10-01 16:57:38 - INFO - WLS correction applied successfully.
2025-10-01 16:57:42 - INFO - Starting polynomial fitting correction process...
2025-10-01 16:57:50 - INFO - Polynomial fitting correction applied successfully.
2025-10-01 16:57:50 - INFO - Time taken: 8.687193155288696 seconds
2025-10-01 16:58:15 - INFO - EXIF metadata transferred successfully.
2025-10-01 16:58:22 - INFO - Decoding RAW file...
2025-10-01 16:58:27 - INFO - RAW file decoded successfully.
2025-10-01 16:58:31 - INFO - Applying exposure correction...
2025-10-01 16:59:31 - INFO - Exposure correction applied.
2025-10-01 16:59:35 - INFO - Applying white balance correction
2025-10-01 16:59:37 - INFO - White balance correction applied successfully
2025-10-01 16:59:41 - INFO - Applying ridge correction matrix...
2025-10-01 16:59:43 - INFO - Color correction matrix applied.
2025-10-01 16:59:47 - INFO - Applying fin color correction matrix...
2025-10-01 16:59:48 - INFO - Additional color correction matrix applied.
2025-10-01 16:59:52 - INFO - Starting WLS correction process...
2025-10-01 16:59:56 - INFO - WLS correction applied successfully.
2025-10-01 17:00:00 - INFO - Starting polynomial fitting correction process...
2025-10-01 17:00:09 - INFO - Polynomial fitting correction applied successfully.
2025-10-01 17:00:09 - INFO - Time taken: 8.546088457107544 seconds
2025-10-01 17:00:33 - INFO - EXIF metadata transferred successfully.
2025-10-01 17:00:40 - INFO - Decoding RAW file...
2025-10-01 17:00:45 - INFO - RAW file decoded successfully.
2025-10-01 17:00:49 - INFO - Applying exposure correction...
2025-10-01 17:01:48 - INFO - Exposure correction applied.
2025-10-01 17:01:52 - INFO - Applying white balance correction
2025-10-01 17:01:54 - INFO - White balance correction applied successfully
2025-10-01 17:01:58 - INFO - Applying ridge correction matrix...
2025-10-01 17:02:00 - INFO - Color correction matrix applied.
2025-10-01 17:02:04 - INFO - Applying fin color correction matrix...
2025-10-01 17:02:04 - INFO - Additional color correction matrix applied.
2025-10-01 17:02:09 - INFO - Starting WLS correction process...
2025-10-01 17:02:13 - INFO - WLS correction applied successfully.
2025-10-01 17:02:17 - INFO - Starting polynomial fitting correction process...
2025-10-01 17:02:25 - INFO - Polynomial fitting correction applied successfully.
2025-10-01 17:02:25 - INFO - Time taken: 8.691124439239502 seconds
2025-10-01 17:02:50 - INFO - EXIF metadata transferred successfully.
2025-10-01 17:02:50 - INFO - Development Mode completed successfully.
2025-10-06 13:49:27 - INFO - Running Analysis Mode...
2025-10-06 13:49:34 - INFO - Decoding RAW file...
2025-10-06 13:49:38 - INFO - RAW file decoded successfully.
2025-10-06 13:49:39 - INFO - Current DE00 at step DecodeRaw: 18.244433164263757
2025-10-06 13:49:43 - INFO - Applying exposure correction...
2025-10-06 13:50:32 - INFO - Exposure correction applied.
2025-10-06 13:50:32 - INFO - Current DE00 at step exposure_correction: 5.862735874056692
2025-10-06 13:50:36 - INFO - Applying white balance correction
2025-10-06 13:50:37 - INFO - White balance correction applied successfully
2025-10-06 13:50:37 - INFO - Current DE00 at step white_balance_correction: 1.0971928250896195
2025-10-06 13:50:42 - INFO - Applying flat-field correction...
2025-10-06 13:50:42 - INFO - Decoding RAW file...
2025-10-06 13:50:45 - INFO - RAW file decoded successfully.
2025-10-06 13:52:11 - INFO - Flat-field correction applied.
2025-10-06 13:52:11 - INFO - Current DE00 at step flat_fielding_correction: 1.2383930856347465
2025-10-06 13:52:15 - INFO - Applying ridge correction matrix...
2025-10-06 13:52:16 - INFO - Color correction matrix applied.
2025-10-06 13:52:16 - INFO - Current DE00 at step ridge_ccm: 0.6969749146191674
2025-10-06 13:52:20 - INFO - Applying fin color correction matrix...
2025-10-06 13:52:22 - INFO - Additional color correction matrix applied.
2025-10-06 13:52:22 - INFO - Current DE00 at step finlayson_ccm: 0.6794314187933382
2025-10-06 13:52:26 - INFO - Starting WLS correction process...
2025-10-06 13:52:29 - INFO - WLS correction applied successfully.
2025-10-06 13:52:29 - INFO - Current DE00 at step wls_correction: 0.6787324989980593
2025-10-06 13:52:33 - INFO - Starting polynomial fitting correction process...
2025-10-06 13:52:40 - INFO - Polynomial fitting correction applied successfully.
2025-10-06 13:52:40 - INFO - Time taken: 6.990326404571533 seconds
2025-10-06 13:52:40 - INFO - Current DE00 at step polynomial_correction: 0.6512552529074559
2025-10-06 13:53:03 - INFO - EXIF metadata transferred successfully.
2025-10-06 13:53:03 - INFO - Analysis Mode completed successfully.
2025-10-06 13:54:31 - INFO - Running Development Mode...
2025-10-06 13:54:37 - INFO - Decoding RAW file...
2025-10-06 13:54:41 - INFO - RAW file decoded successfully.
2025-10-06 13:54:45 - INFO - Applying exposure correction...
2025-10-06 13:55:31 - INFO - Exposure correction applied.
2025-10-06 13:55:35 - INFO - Applying white balance correction
2025-10-06 13:55:36 - INFO - White balance correction applied successfully
2025-10-06 13:55:40 - INFO - Applying ridge correction matrix...
2025-10-06 13:55:41 - INFO - Color correction matrix applied.
2025-10-06 13:55:46 - INFO - Applying fin color correction matrix...
2025-10-06 13:55:46 - INFO - Additional color correction matrix applied.
2025-10-06 13:55:50 - INFO - Starting WLS correction process...
2025-10-06 13:55:54 - INFO - WLS correction applied successfully.
2025-10-06 13:55:58 - INFO - Starting polynomial fitting correction process...
2025-10-06 13:56:04 - INFO - Polynomial fitting correction applied successfully.
2025-10-06 13:56:04 - INFO - Time taken: 6.401902437210083 seconds
2025-10-06 13:56:25 - INFO - EXIF metadata transferred successfully.
2025-10-06 13:56:31 - INFO - Decoding RAW file...
2025-10-06 13:56:35 - INFO - RAW file decoded successfully.
2025-10-06 13:56:39 - INFO - Applying exposure correction...
2025-10-06 13:57:27 - INFO - Exposure correction applied.
2025-10-06 13:57:31 - INFO - Applying white balance correction
2025-10-06 13:57:33 - INFO - White balance correction applied successfully
2025-10-06 13:57:37 - INFO - Applying ridge correction matrix...
2025-10-06 13:57:38 - INFO - Color correction matrix applied.
2025-10-06 13:57:42 - INFO - Applying fin color correction matrix...
2025-10-06 13:57:43 - INFO - Additional color correction matrix applied.
2025-10-06 13:57:47 - INFO - Starting WLS correction process...
2025-10-06 13:57:50 - INFO - WLS correction applied successfully.
2025-10-06 13:57:55 - INFO - Starting polynomial fitting correction process...
2025-10-06 13:58:01 - INFO - Polynomial fitting correction applied successfully.
2025-10-06 13:58:01 - INFO - Time taken: 6.563867807388306 seconds
2025-10-06 13:58:22 - INFO - EXIF metadata transferred successfully.
2025-10-06 13:58:29 - INFO - Decoding RAW file...
2025-10-06 13:58:32 - INFO - RAW file decoded successfully.
2025-10-06 13:58:36 - INFO - Applying exposure correction...
2025-10-06 13:59:24 - INFO - Exposure correction applied.
2025-10-06 13:59:28 - INFO - Applying white balance correction
2025-10-06 13:59:30 - INFO - White balance correction applied successfully
2025-10-06 13:59:34 - INFO - Applying ridge correction matrix...
2025-10-06 13:59:35 - INFO - Color correction matrix applied.
2025-10-06 13:59:39 - INFO - Applying fin color correction matrix...
2025-10-06 13:59:40 - INFO - Additional color correction matrix applied.
2025-10-06 13:59:44 - INFO - Starting WLS correction process...
2025-10-06 13:59:47 - INFO - WLS correction applied successfully.
2025-10-06 13:59:52 - INFO - Starting polynomial fitting correction process...
2025-10-06 13:59:58 - INFO - Polynomial fitting correction applied successfully.
2025-10-06 13:59:58 - INFO - Time taken: 6.831932067871094 seconds
2025-10-06 14:00:20 - INFO - EXIF metadata transferred successfully.
2025-10-06 14:00:26 - INFO - Decoding RAW file...
2025-10-06 14:00:30 - INFO - RAW file decoded successfully.
2025-10-06 14:00:34 - INFO - Applying exposure correction...
2025-10-06 14:01:24 - INFO - Exposure correction applied.
2025-10-06 14:01:28 - INFO - Applying white balance correction
2025-10-06 14:01:29 - INFO - White balance correction applied successfully
2025-10-06 14:01:34 - INFO - Applying ridge correction matrix...
2025-10-06 14:01:35 - INFO - Color correction matrix applied.
2025-10-06 14:01:39 - INFO - Applying fin color correction matrix...
2025-10-06 14:01:40 - INFO - Additional color correction matrix applied.
2025-10-06 14:01:44 - INFO - Starting WLS correction process...
2025-10-06 14:01:47 - INFO - WLS correction applied successfully.
2025-10-06 14:01:51 - INFO - Starting polynomial fitting correction process...
2025-10-06 14:01:58 - INFO - Polynomial fitting correction applied successfully.
2025-10-06 14:01:58 - INFO - Time taken: 6.954146862030029 seconds
2025-10-06 14:02:20 - INFO - EXIF metadata transferred successfully.
2025-10-06 14:02:27 - INFO - Decoding RAW file...
2025-10-06 14:02:30 - INFO - RAW file decoded successfully.
2025-10-06 14:02:35 - INFO - Applying exposure correction...
2025-10-06 14:03:25 - INFO - Exposure correction applied.
2025-10-06 14:03:29 - INFO - Applying white balance correction
2025-10-06 14:03:31 - INFO - White balance correction applied successfully
2025-10-06 14:03:35 - INFO - Applying ridge correction matrix...
2025-10-06 14:03:36 - INFO - Color correction matrix applied.
2025-10-06 14:03:40 - INFO - Applying fin color correction matrix...
2025-10-06 14:03:41 - INFO - Additional color correction matrix applied.
2025-10-06 14:03:45 - INFO - Starting WLS correction process...
2025-10-06 14:03:48 - INFO - WLS correction applied successfully.
2025-10-06 14:03:52 - INFO - Starting polynomial fitting correction process...
2025-10-06 14:03:59 - INFO - Polynomial fitting correction applied successfully.
2025-10-06 14:03:59 - INFO - Time taken: 7.017052412033081 seconds
2025-10-06 14:04:21 - INFO - EXIF metadata transferred successfully.
2025-10-06 14:04:28 - INFO - Decoding RAW file...
2025-10-06 14:04:31 - INFO - RAW file decoded successfully.
2025-10-06 14:04:36 - INFO - Applying exposure correction...
2025-10-06 14:05:26 - INFO - Exposure correction applied.
2025-10-06 14:05:30 - INFO - Applying white balance correction
2025-10-06 14:05:32 - INFO - White balance correction applied successfully
2025-10-06 14:05:36 - INFO - Applying ridge correction matrix...
2025-10-06 14:05:37 - INFO - Color correction matrix applied.
2025-10-06 14:05:42 - INFO - Applying fin color correction matrix...
2025-10-06 14:05:42 - INFO - Additional color correction matrix applied.
2025-10-06 14:05:46 - INFO - Starting WLS correction process...
2025-10-06 14:05:50 - INFO - WLS correction applied successfully.
2025-10-06 14:05:54 - INFO - Starting polynomial fitting correction process...
2025-10-06 14:06:01 - INFO - Polynomial fitting correction applied successfully.
2025-10-06 14:06:01 - INFO - Time taken: 6.984016180038452 seconds
2025-10-06 14:06:24 - INFO - EXIF metadata transferred successfully.
2025-10-06 14:06:30 - INFO - Decoding RAW file...
2025-10-06 14:06:34 - INFO - RAW file decoded successfully.
2025-10-06 14:06:39 - INFO - Applying exposure correction...
2025-10-06 14:07:30 - INFO - Exposure correction applied.
2025-10-06 14:07:34 - INFO - Applying white balance correction
2025-10-06 14:07:36 - INFO - White balance correction applied successfully
2025-10-06 14:07:40 - INFO - Applying ridge correction matrix...
2025-10-06 14:07:41 - INFO - Color correction matrix applied.
2025-10-06 14:07:46 - INFO - Applying fin color correction matrix...
2025-10-06 14:07:46 - INFO - Additional color correction matrix applied.
2025-10-06 14:07:50 - INFO - Starting WLS correction process...
2025-10-06 14:07:54 - INFO - WLS correction applied successfully.
2025-10-06 14:07:58 - INFO - Starting polynomial fitting correction process...
2025-10-06 14:08:05 - INFO - Polynomial fitting correction applied successfully.
2025-10-06 14:08:05 - INFO - Time taken: 7.299424171447754 seconds
2025-10-06 14:08:28 - INFO - EXIF metadata transferred successfully.
2025-10-06 14:08:34 - INFO - Decoding RAW file...
2025-10-06 14:08:38 - INFO - RAW file decoded successfully.
2025-10-06 14:08:42 - INFO - Applying exposure correction...
2025-10-06 14:09:34 - INFO - Exposure correction applied.
2025-10-06 14:09:38 - INFO - Applying white balance correction
2025-10-06 14:09:40 - INFO - White balance correction applied successfully
2025-10-06 14:09:44 - INFO - Applying ridge correction matrix...
2025-10-06 14:09:45 - INFO - Color correction matrix applied.
2025-10-06 14:09:49 - INFO - Applying fin color correction matrix...
2025-10-06 14:09:50 - INFO - Additional color correction matrix applied.
2025-10-06 14:09:54 - INFO - Starting WLS correction process...
2025-10-06 14:09:57 - INFO - WLS correction applied successfully.
2025-10-06 14:10:02 - INFO - Starting polynomial fitting correction process...
2025-10-06 14:10:09 - INFO - Polynomial fitting correction applied successfully.
2025-10-06 14:10:09 - INFO - Time taken: 7.29659104347229 seconds
2025-10-06 14:10:31 - INFO - EXIF metadata transferred successfully.
2025-10-06 14:10:38 - INFO - Decoding RAW file...
2025-10-06 14:10:42 - INFO - RAW file decoded successfully.
2025-10-06 14:10:46 - INFO - Applying exposure correction...
2025-10-06 14:11:38 - INFO - Exposure correction applied.
2025-10-06 14:11:42 - INFO - Applying white balance correction
2025-10-06 14:11:43 - INFO - White balance correction applied successfully
2025-10-06 14:11:47 - INFO - Applying ridge correction matrix...
2025-10-06 14:11:49 - INFO - Color correction matrix applied.
2025-10-06 14:11:53 - INFO - Applying fin color correction matrix...
2025-10-06 14:11:53 - INFO - Additional color correction matrix applied.
2025-10-06 14:11:58 - INFO - Starting WLS correction process...
2025-10-06 14:12:01 - INFO - WLS correction applied successfully.
2025-10-06 14:12:05 - INFO - Starting polynomial fitting correction process...
2025-10-06 14:12:13 - INFO - Polynomial fitting correction applied successfully.
2025-10-06 14:12:13 - INFO - Time taken: 7.3117029666900635 seconds
2025-10-06 14:12:35 - INFO - EXIF metadata transferred successfully.
2025-10-06 14:12:41 - INFO - Decoding RAW file...
2025-10-06 14:12:45 - INFO - RAW file decoded successfully.
2025-10-06 14:12:49 - INFO - Applying exposure correction...
2025-10-06 14:13:40 - INFO - Exposure correction applied.
2025-10-06 14:13:44 - INFO - Applying white balance correction
2025-10-06 14:13:46 - INFO - White balance correction applied successfully
2025-10-06 14:13:50 - INFO - Applying ridge correction matrix...
2025-10-06 14:13:51 - INFO - Color correction matrix applied.
2025-10-06 14:13:55 - INFO - Applying fin color correction matrix...
2025-10-06 14:13:56 - INFO - Additional color correction matrix applied.
2025-10-06 14:14:00 - INFO - Starting WLS correction process...
2025-10-06 14:14:04 - INFO - WLS correction applied successfully.
2025-10-06 14:14:08 - INFO - Starting polynomial fitting correction process...
2025-10-06 14:14:15 - INFO - Polynomial fitting correction applied successfully.
2025-10-06 14:14:15 - INFO - Time taken: 7.380066394805908 seconds
2025-10-06 14:14:38 - INFO - EXIF metadata transferred successfully.
2025-10-06 14:14:44 - INFO - Decoding RAW file...
2025-10-06 14:14:48 - INFO - RAW file decoded successfully.
2025-10-06 14:14:52 - INFO - Applying exposure correction...
2025-10-06 14:15:45 - INFO - Exposure correction applied.
2025-10-06 14:15:49 - INFO - Applying white balance correction
2025-10-06 14:15:51 - INFO - White balance correction applied successfully
2025-10-06 14:15:55 - INFO - Applying ridge correction matrix...
2025-10-06 14:15:56 - INFO - Color correction matrix applied.
2025-10-06 14:16:00 - INFO - Applying fin color correction matrix...
2025-10-06 14:16:01 - INFO - Additional color correction matrix applied.
2025-10-06 14:16:05 - INFO - Starting WLS correction process...
2025-10-06 14:16:09 - INFO - WLS correction applied successfully.
2025-10-06 14:16:13 - INFO - Starting polynomial fitting correction process...
2025-10-06 14:16:20 - INFO - Polynomial fitting correction applied successfully.
2025-10-06 14:16:20 - INFO - Time taken: 7.480846166610718 seconds
2025-10-06 14:16:43 - INFO - EXIF metadata transferred successfully.
2025-10-06 14:16:49 - INFO - Decoding RAW file...
2025-10-06 14:16:53 - INFO - RAW file decoded successfully.
2025-10-06 14:16:57 - INFO - Applying exposure correction...
2025-10-06 14:17:48 - INFO - Exposure correction applied.
2025-10-06 14:17:52 - INFO - Applying white balance correction
2025-10-06 14:17:54 - INFO - White balance correction applied successfully
2025-10-06 14:17:58 - INFO - Applying ridge correction matrix...
2025-10-06 14:17:59 - INFO - Color correction matrix applied.
2025-10-06 14:18:04 - INFO - Applying fin color correction matrix...
2025-10-06 14:18:04 - INFO - Additional color correction matrix applied.
2025-10-06 14:18:08 - INFO - Starting WLS correction process...
2025-10-06 14:18:12 - INFO - WLS correction applied successfully.
2025-10-06 14:18:16 - INFO - Starting polynomial fitting correction process...
2025-10-06 14:18:23 - INFO - Polynomial fitting correction applied successfully.
2025-10-06 14:18:23 - INFO - Time taken: 7.207120418548584 seconds
2025-10-06 14:18:45 - INFO - EXIF metadata transferred successfully.
2025-10-06 14:18:51 - INFO - Decoding RAW file...
2025-10-06 14:18:55 - INFO - RAW file decoded successfully.
2025-10-06 14:18:59 - INFO - Applying exposure correction...
2025-10-06 14:19:49 - INFO - Exposure correction applied.
2025-10-06 14:19:53 - INFO - Applying white balance correction
2025-10-06 14:19:55 - INFO - White balance correction applied successfully
2025-10-06 14:19:59 - INFO - Applying ridge correction matrix...
2025-10-06 14:20:00 - INFO - Color correction matrix applied.
2025-10-06 14:20:04 - INFO - Applying fin color correction matrix...
2025-10-06 14:20:05 - INFO - Additional color correction matrix applied.
2025-10-06 14:20:09 - INFO - Starting WLS correction process...
2025-10-06 14:20:13 - INFO - WLS correction applied successfully.
2025-10-06 14:20:17 - INFO - Starting polynomial fitting correction process...
2025-10-06 14:20:24 - INFO - Polynomial fitting correction applied successfully.
2025-10-06 14:20:24 - INFO - Time taken: 7.168989181518555 seconds
2025-10-06 14:20:46 - INFO - EXIF metadata transferred successfully.
2025-10-06 14:20:52 - INFO - Decoding RAW file...
2025-10-06 14:20:56 - INFO - RAW file decoded successfully.
2025-10-06 14:21:00 - INFO - Applying exposure correction...
2025-10-06 14:21:50 - INFO - Exposure correction applied.
2025-10-06 14:21:54 - INFO - Applying white balance correction
2025-10-06 14:21:55 - INFO - White balance correction applied successfully
2025-10-06 14:21:59 - INFO - Applying ridge correction matrix...
2025-10-06 14:22:01 - INFO - Color correction matrix applied.
2025-10-06 14:22:05 - INFO - Applying fin color correction matrix...
2025-10-06 14:22:06 - INFO - Additional color correction matrix applied.
2025-10-06 14:22:10 - INFO - Starting WLS correction process...
2025-10-06 14:22:13 - INFO - WLS correction applied successfully.
2025-10-06 14:22:17 - INFO - Starting polynomial fitting correction process...
2025-10-06 14:22:24 - INFO - Polynomial fitting correction applied successfully.
2025-10-06 14:22:24 - INFO - Time taken: 7.252583026885986 seconds
2025-10-06 14:22:46 - INFO - EXIF metadata transferred successfully.
2025-10-06 14:22:53 - INFO - Decoding RAW file...
2025-10-06 14:22:56 - INFO - RAW file decoded successfully.
2025-10-06 14:23:00 - INFO - Applying exposure correction...
2025-10-06 14:23:51 - INFO - Exposure correction applied.
2025-10-06 14:23:55 - INFO - Applying white balance correction
2025-10-06 14:23:56 - INFO - White balance correction applied successfully
2025-10-06 14:24:00 - INFO - Applying ridge correction matrix...
2025-10-06 14:24:02 - INFO - Color correction matrix applied.
2025-10-06 14:24:06 - INFO - Applying fin color correction matrix...
2025-10-06 14:24:07 - INFO - Additional color correction matrix applied.
2025-10-06 14:24:11 - INFO - Starting WLS correction process...
2025-10-06 14:24:14 - INFO - WLS correction applied successfully.
2025-10-06 14:24:18 - INFO - Starting polynomial fitting correction process...
2025-10-06 14:24:25 - INFO - Polynomial fitting correction applied successfully.
2025-10-06 14:24:25 - INFO - Time taken: 7.246790409088135 seconds
2025-10-06 14:24:47 - INFO - EXIF metadata transferred successfully.
2025-10-06 14:24:54 - INFO - Decoding RAW file...
2025-10-06 14:24:58 - INFO - RAW file decoded successfully.
2025-10-06 14:25:02 - INFO - Applying exposure correction...
2025-10-06 14:25:53 - INFO - Exposure correction applied.
2025-10-06 14:25:57 - INFO - Applying white balance correction
2025-10-06 14:25:58 - INFO - White balance correction applied successfully
2025-10-06 14:26:02 - INFO - Applying ridge correction matrix...
2025-10-06 14:26:04 - INFO - Color correction matrix applied.
2025-10-06 14:26:08 - INFO - Applying fin color correction matrix...
2025-10-06 14:26:08 - INFO - Additional color correction matrix applied.
2025-10-06 14:26:12 - INFO - Starting WLS correction process...
2025-10-06 14:26:16 - INFO - WLS correction applied successfully.
2025-10-06 14:26:20 - INFO - Starting polynomial fitting correction process...
2025-10-06 14:26:27 - INFO - Polynomial fitting correction applied successfully.
2025-10-06 14:26:27 - INFO - Time taken: 7.182649612426758 seconds
2025-10-06 14:26:49 - INFO - EXIF metadata transferred successfully.
2025-10-06 14:26:56 - INFO - Decoding RAW file...
2025-10-06 14:27:00 - INFO - RAW file decoded successfully.
2025-10-06 14:27:04 - INFO - Applying exposure correction...
2025-10-06 14:27:54 - INFO - Exposure correction applied.
2025-10-06 14:27:59 - INFO - Applying white balance correction
2025-10-06 14:28:00 - INFO - White balance correction applied successfully
2025-10-06 14:28:04 - INFO - Applying ridge correction matrix...
2025-10-06 14:28:05 - INFO - Color correction matrix applied.
2025-10-06 14:28:10 - INFO - Applying fin color correction matrix...
2025-10-06 14:28:10 - INFO - Additional color correction matrix applied.
2025-10-06 14:28:14 - INFO - Starting WLS correction process...
2025-10-06 14:28:18 - INFO - WLS correction applied successfully.
2025-10-06 14:28:22 - INFO - Starting polynomial fitting correction process...
2025-10-06 14:28:29 - INFO - Polynomial fitting correction applied successfully.
2025-10-06 14:28:29 - INFO - Time taken: 6.981060266494751 seconds
2025-10-06 14:28:52 - INFO - EXIF metadata transferred successfully.
2025-10-06 14:28:58 - INFO - Decoding RAW file...
2025-10-06 14:29:02 - INFO - RAW file decoded successfully.
2025-10-06 14:29:06 - INFO - Applying exposure correction...
2025-10-06 14:29:57 - INFO - Exposure correction applied.
2025-10-06 14:30:01 - INFO - Applying white balance correction
2025-10-06 14:30:02 - INFO - White balance correction applied successfully
2025-10-06 14:30:06 - INFO - Applying ridge correction matrix...
2025-10-06 14:30:08 - INFO - Color correction matrix applied.
2025-10-06 14:30:12 - INFO - Applying fin color correction matrix...
2025-10-06 14:30:13 - INFO - Additional color correction matrix applied.
2025-10-06 14:30:17 - INFO - Starting WLS correction process...
2025-10-06 14:30:20 - INFO - WLS correction applied successfully.
2025-10-06 14:30:24 - INFO - Starting polynomial fitting correction process...
2025-10-06 14:30:31 - INFO - Polynomial fitting correction applied successfully.
2025-10-06 14:30:31 - INFO - Time taken: 6.93303656578064 seconds
2025-10-06 14:30:54 - INFO - EXIF metadata transferred successfully.
2025-10-06 14:31:00 - INFO - Decoding RAW file...
2025-10-06 14:31:04 - INFO - RAW file decoded successfully.
2025-10-06 14:31:08 - INFO - Applying exposure correction...
2025-10-06 14:31:58 - INFO - Exposure correction applied.
2025-10-06 14:32:02 - INFO - Applying white balance correction
2025-10-06 14:32:04 - INFO - White balance correction applied successfully
2025-10-06 14:32:08 - INFO - Applying ridge correction matrix...
2025-10-06 14:32:09 - INFO - Color correction matrix applied.
2025-10-06 14:32:13 - INFO - Applying fin color correction matrix...
2025-10-06 14:32:14 - INFO - Additional color correction matrix applied.
2025-10-06 14:32:18 - INFO - Starting WLS correction process...
2025-10-06 14:32:22 - INFO - WLS correction applied successfully.
2025-10-06 14:32:26 - INFO - Starting polynomial fitting correction process...
2025-10-06 14:32:33 - INFO - Polynomial fitting correction applied successfully.
2025-10-06 14:32:33 - INFO - Time taken: 6.967973709106445 seconds
2025-10-06 14:32:55 - INFO - EXIF metadata transferred successfully.
2025-10-06 14:33:02 - INFO - Decoding RAW file...
2025-10-06 14:33:05 - INFO - RAW file decoded successfully.
2025-10-06 14:33:10 - INFO - Applying exposure correction...
2025-10-06 14:34:00 - INFO - Exposure correction applied.
2025-10-06 14:34:04 - INFO - Applying white balance correction
2025-10-06 14:34:06 - INFO - White balance correction applied successfully
2025-10-06 14:34:10 - INFO - Applying ridge correction matrix...
2025-10-06 14:34:11 - INFO - Color correction matrix applied.
2025-10-06 14:34:16 - INFO - Applying fin color correction matrix...
2025-10-06 14:34:16 - INFO - Additional color correction matrix applied.
2025-10-06 14:34:20 - INFO - Starting WLS correction process...
2025-10-06 14:34:24 - INFO - WLS correction applied successfully.
2025-10-06 14:34:28 - INFO - Starting polynomial fitting correction process...
2025-10-06 14:34:35 - INFO - Polynomial fitting correction applied successfully.
2025-10-06 14:34:35 - INFO - Time taken: 7.049351215362549 seconds
2025-10-06 14:34:57 - INFO - EXIF metadata transferred successfully.
2025-10-06 14:35:04 - INFO - Decoding RAW file...
2025-10-06 14:35:08 - INFO - RAW file decoded successfully.
2025-10-06 14:35:12 - INFO - Applying exposure correction...
2025-10-06 14:36:02 - INFO - Exposure correction applied.
2025-10-06 14:36:06 - INFO - Applying white balance correction
2025-10-06 14:36:08 - INFO - White balance correction applied successfully
2025-10-06 14:36:12 - INFO - Applying ridge correction matrix...
2025-10-06 14:36:13 - INFO - Color correction matrix applied.
2025-10-06 14:36:17 - INFO - Applying fin color correction matrix...
2025-10-06 14:36:18 - INFO - Additional color correction matrix applied.
2025-10-06 14:36:22 - INFO - Starting WLS correction process...
2025-10-06 14:36:25 - INFO - WLS correction applied successfully.
2025-10-06 14:36:29 - INFO - Starting polynomial fitting correction process...
2025-10-06 14:36:36 - INFO - Polynomial fitting correction applied successfully.
2025-10-06 14:36:36 - INFO - Time taken: 6.627846956253052 seconds
2025-10-06 14:36:57 - INFO - EXIF metadata transferred successfully.
2025-10-06 14:37:04 - INFO - Decoding RAW file...
2025-10-06 14:37:07 - INFO - RAW file decoded successfully.
2025-10-06 14:37:11 - INFO - Applying exposure correction...
2025-10-06 14:37:59 - INFO - Exposure correction applied.
2025-10-06 14:38:03 - INFO - Applying white balance correction
2025-10-06 14:38:05 - INFO - White balance correction applied successfully
2025-10-06 14:38:09 - INFO - Applying ridge correction matrix...
2025-10-06 14:38:10 - INFO - Color correction matrix applied.
2025-10-06 14:38:14 - INFO - Applying fin color correction matrix...
2025-10-06 14:38:15 - INFO - Additional color correction matrix applied.
2025-10-06 14:38:19 - INFO - Starting WLS correction process...
2025-10-06 14:38:22 - INFO - WLS correction applied successfully.
2025-10-06 14:38:27 - INFO - Starting polynomial fitting correction process...
2025-10-06 14:38:33 - INFO - Polynomial fitting correction applied successfully.
2025-10-06 14:38:33 - INFO - Time taken: 6.677767038345337 seconds
2025-10-06 14:38:55 - INFO - EXIF metadata transferred successfully.
2025-10-06 14:39:01 - INFO - Decoding RAW file...
2025-10-06 14:39:05 - INFO - RAW file decoded successfully.
2025-10-06 14:39:09 - INFO - Applying exposure correction...
2025-10-06 14:39:57 - INFO - Exposure correction applied.
2025-10-06 14:40:01 - INFO - Applying white balance correction
2025-10-06 14:40:02 - INFO - White balance correction applied successfully
2025-10-06 14:40:06 - INFO - Applying ridge correction matrix...
2025-10-06 14:40:07 - INFO - Color correction matrix applied.
2025-10-06 14:40:12 - INFO - Applying fin color correction matrix...
2025-10-06 14:40:12 - INFO - Additional color correction matrix applied.
2025-10-06 14:40:16 - INFO - Starting WLS correction process...
2025-10-06 14:40:20 - INFO - WLS correction applied successfully.
2025-10-06 14:40:24 - INFO - Starting polynomial fitting correction process...
2025-10-06 14:40:31 - INFO - Polynomial fitting correction applied successfully.
2025-10-06 14:40:31 - INFO - Time taken: 6.6806135177612305 seconds
2025-10-06 14:40:52 - INFO - EXIF metadata transferred successfully.
2025-10-06 14:40:58 - INFO - Decoding RAW file...
2025-10-06 14:41:02 - INFO - RAW file decoded successfully.
2025-10-06 14:41:06 - INFO - Applying exposure correction...
2025-10-06 14:41:54 - INFO - Exposure correction applied.
2025-10-06 14:41:58 - INFO - Applying white balance correction
2025-10-06 14:42:00 - INFO - White balance correction applied successfully
2025-10-06 14:42:04 - INFO - Applying ridge correction matrix...
2025-10-06 14:42:05 - INFO - Color correction matrix applied.
2025-10-06 14:42:09 - INFO - Applying fin color correction matrix...
2025-10-06 14:42:10 - INFO - Additional color correction matrix applied.
2025-10-06 14:42:14 - INFO - Starting WLS correction process...
2025-10-06 14:42:17 - INFO - WLS correction applied successfully.
2025-10-06 14:42:21 - INFO - Starting polynomial fitting correction process...
2025-10-06 14:42:28 - INFO - Polynomial fitting correction applied successfully.
2025-10-06 14:42:28 - INFO - Time taken: 6.738669157028198 seconds
2025-10-06 14:42:49 - INFO - EXIF metadata transferred successfully.
2025-10-06 14:42:56 - INFO - Decoding RAW file...
2025-10-06 14:43:00 - INFO - RAW file decoded successfully.
2025-10-06 14:43:04 - INFO - Applying exposure correction...
2025-10-06 14:43:52 - INFO - Exposure correction applied.
2025-10-06 14:43:56 - INFO - Applying white balance correction
2025-10-06 14:43:57 - INFO - White balance correction applied successfully
2025-10-06 14:44:01 - INFO - Applying ridge correction matrix...
2025-10-06 14:44:03 - INFO - Color correction matrix applied.
2025-10-06 14:44:07 - INFO - Applying fin color correction matrix...
2025-10-06 14:44:07 - INFO - Additional color correction matrix applied.
2025-10-06 14:44:11 - INFO - Starting WLS correction process...
2025-10-06 14:44:15 - INFO - WLS correction applied successfully.
2025-10-06 14:44:19 - INFO - Starting polynomial fitting correction process...
2025-10-06 14:44:26 - INFO - Polynomial fitting correction applied successfully.
2025-10-06 14:44:26 - INFO - Time taken: 6.674551010131836 seconds
2025-10-06 14:44:47 - INFO - EXIF metadata transferred successfully.
2025-10-06 14:44:54 - INFO - Decoding RAW file...
2025-10-06 14:44:57 - INFO - RAW file decoded successfully.
2025-10-06 14:45:02 - INFO - Applying exposure correction...
2025-10-06 14:45:49 - INFO - Exposure correction applied.
2025-10-06 14:45:53 - INFO - Applying white balance correction
2025-10-06 14:45:55 - INFO - White balance correction applied successfully
2025-10-06 14:45:59 - INFO - Applying ridge correction matrix...
2025-10-06 14:46:00 - INFO - Color correction matrix applied.
2025-10-06 14:46:04 - INFO - Applying fin color correction matrix...
2025-10-06 14:46:05 - INFO - Additional color correction matrix applied.
2025-10-06 14:46:09 - INFO - Starting WLS correction process...
2025-10-06 14:46:12 - INFO - WLS correction applied successfully.
2025-10-06 14:46:17 - INFO - Starting polynomial fitting correction process...
2025-10-06 14:46:23 - INFO - Polynomial fitting correction applied successfully.
2025-10-06 14:46:23 - INFO - Time taken: 6.754880905151367 seconds
2025-10-06 14:46:45 - INFO - EXIF metadata transferred successfully.
2025-10-06 14:46:51 - INFO - Decoding RAW file...
2025-10-06 14:46:55 - INFO - RAW file decoded successfully.
2025-10-06 14:46:59 - INFO - Applying exposure correction...
2025-10-06 14:47:47 - INFO - Exposure correction applied.
2025-10-06 14:47:51 - INFO - Applying white balance correction
2025-10-06 14:47:53 - INFO - White balance correction applied successfully
2025-10-06 14:47:57 - INFO - Applying ridge correction matrix...
2025-10-06 14:47:58 - INFO - Color correction matrix applied.
2025-10-06 14:48:02 - INFO - Applying fin color correction matrix...
2025-10-06 14:48:03 - INFO - Additional color correction matrix applied.
2025-10-06 14:48:07 - INFO - Starting WLS correction process...
2025-10-06 14:48:10 - INFO - WLS correction applied successfully.
2025-10-06 14:48:15 - INFO - Starting polynomial fitting correction process...
2025-10-06 14:48:21 - INFO - Polynomial fitting correction applied successfully.
2025-10-06 14:48:21 - INFO - Time taken: 6.601477384567261 seconds
2025-10-06 14:48:43 - INFO - EXIF metadata transferred successfully.
2025-10-06 14:48:49 - INFO - Decoding RAW file...
2025-10-06 14:48:53 - INFO - RAW file decoded successfully.
2025-10-06 14:48:57 - INFO - Applying exposure correction...
2025-10-06 14:49:44 - INFO - Exposure correction applied.
2025-10-06 14:49:48 - INFO - Applying white balance correction
2025-10-06 14:49:50 - INFO - White balance correction applied successfully
2025-10-06 14:49:54 - INFO - Applying ridge correction matrix...
2025-10-06 14:49:55 - INFO - Color correction matrix applied.
2025-10-06 14:49:59 - INFO - Applying fin color correction matrix...
2025-10-06 14:50:00 - INFO - Additional color correction matrix applied.
2025-10-06 14:50:04 - INFO - Starting WLS correction process...
2025-10-06 14:50:08 - INFO - WLS correction applied successfully.
2025-10-06 14:50:12 - INFO - Starting polynomial fitting correction process...
2025-10-06 14:50:18 - INFO - Polynomial fitting correction applied successfully.
2025-10-06 14:50:18 - INFO - Time taken: 6.726211786270142 seconds
2025-10-06 14:50:40 - INFO - EXIF metadata transferred successfully.
2025-10-06 14:50:46 - INFO - Decoding RAW file...
2025-10-06 14:50:50 - INFO - RAW file decoded successfully.
2025-10-06 14:50:54 - INFO - Applying exposure correction...
2025-10-06 14:51:43 - INFO - Exposure correction applied.
2025-10-06 14:51:47 - INFO - Applying white balance correction
2025-10-06 14:51:48 - INFO - White balance correction applied successfully
2025-10-06 14:51:52 - INFO - Applying ridge correction matrix...
2025-10-06 14:51:53 - INFO - Color correction matrix applied.
2025-10-06 14:51:58 - INFO - Applying fin color correction matrix...
2025-10-06 14:51:58 - INFO - Additional color correction matrix applied.
2025-10-06 14:52:02 - INFO - Starting WLS correction process...
2025-10-06 14:52:06 - INFO - WLS correction applied successfully.
2025-10-06 14:52:10 - INFO - Starting polynomial fitting correction process...
2025-10-06 14:52:17 - INFO - Polynomial fitting correction applied successfully.
2025-10-06 14:52:17 - INFO - Time taken: 6.891711473464966 seconds
2025-10-06 14:52:38 - INFO - EXIF metadata transferred successfully.
2025-10-06 14:52:44 - INFO - Decoding RAW file...
2025-10-06 14:52:48 - INFO - RAW file decoded successfully.
2025-10-06 14:52:52 - INFO - Applying exposure correction...
2025-10-06 14:53:41 - INFO - Exposure correction applied.
2025-10-06 14:53:45 - INFO - Applying white balance correction
2025-10-06 14:53:46 - INFO - White balance correction applied successfully
2025-10-06 14:53:50 - INFO - Applying ridge correction matrix...
2025-10-06 14:53:52 - INFO - Color correction matrix applied.
2025-10-06 14:53:56 - INFO - Applying fin color correction matrix...
2025-10-06 14:53:56 - INFO - Additional color correction matrix applied.
2025-10-06 14:54:00 - INFO - Starting WLS correction process...
2025-10-06 14:54:04 - INFO - WLS correction applied successfully.
2025-10-06 14:54:08 - INFO - Starting polynomial fitting correction process...
2025-10-06 14:54:15 - INFO - Polynomial fitting correction applied successfully.
2025-10-06 14:54:15 - INFO - Time taken: 7.115106105804443 seconds
2025-10-06 14:54:37 - INFO - EXIF metadata transferred successfully.
2025-10-06 14:54:44 - INFO - Decoding RAW file...
2025-10-06 14:54:48 - INFO - RAW file decoded successfully.
2025-10-06 14:54:52 - INFO - Applying exposure correction...
2025-10-06 14:55:42 - INFO - Exposure correction applied.
2025-10-06 14:55:46 - INFO - Applying white balance correction
2025-10-06 14:55:48 - INFO - White balance correction applied successfully
2025-10-06 14:55:52 - INFO - Applying ridge correction matrix...
2025-10-06 14:55:53 - INFO - Color correction matrix applied.
2025-10-06 14:55:57 - INFO - Applying fin color correction matrix...
2025-10-06 14:55:58 - INFO - Additional color correction matrix applied.
2025-10-06 14:56:02 - INFO - Starting WLS correction process...
2025-10-06 14:56:06 - INFO - WLS correction applied successfully.
2025-10-06 14:56:10 - INFO - Starting polynomial fitting correction process...
2025-10-06 14:56:17 - INFO - Polynomial fitting correction applied successfully.
2025-10-06 14:56:17 - INFO - Time taken: 7.098184823989868 seconds
2025-10-06 14:56:39 - INFO - EXIF metadata transferred successfully.
2025-10-06 14:56:45 - INFO - Decoding RAW file...
2025-10-06 14:56:49 - INFO - RAW file decoded successfully.
2025-10-06 14:56:53 - INFO - Applying exposure correction...
2025-10-06 14:57:44 - INFO - Exposure correction applied.
2025-10-06 14:57:48 - INFO - Applying white balance correction
2025-10-06 14:57:49 - INFO - White balance correction applied successfully
2025-10-06 14:57:54 - INFO - Applying ridge correction matrix...
2025-10-06 14:57:55 - INFO - Color correction matrix applied.
2025-10-06 14:57:59 - INFO - Applying fin color correction matrix...
2025-10-06 14:58:00 - INFO - Additional color correction matrix applied.
2025-10-06 14:58:04 - INFO - Starting WLS correction process...
2025-10-06 14:58:07 - INFO - WLS correction applied successfully.
2025-10-06 14:58:11 - INFO - Starting polynomial fitting correction process...
2025-10-06 14:58:18 - INFO - Polynomial fitting correction applied successfully.
2025-10-06 14:58:18 - INFO - Time taken: 6.689945459365845 seconds
2025-10-06 14:58:41 - INFO - EXIF metadata transferred successfully.
2025-10-06 14:58:47 - INFO - Decoding RAW file...
2025-10-06 14:58:51 - INFO - RAW file decoded successfully.
2025-10-06 14:58:55 - INFO - Applying exposure correction...
2025-10-06 14:59:45 - INFO - Exposure correction applied.
2025-10-06 14:59:49 - INFO - Applying white balance correction
2025-10-06 14:59:51 - INFO - White balance correction applied successfully
2025-10-06 14:59:55 - INFO - Applying ridge correction matrix...
2025-10-06 14:59:56 - INFO - Color correction matrix applied.
2025-10-06 15:00:00 - INFO - Applying fin color correction matrix...
2025-10-06 15:00:01 - INFO - Additional color correction matrix applied.
2025-10-06 15:00:05 - INFO - Starting WLS correction process...
2025-10-06 15:00:09 - INFO - WLS correction applied successfully.
2025-10-06 15:00:13 - INFO - Starting polynomial fitting correction process...
2025-10-06 15:00:20 - INFO - Polynomial fitting correction applied successfully.
2025-10-06 15:00:20 - INFO - Time taken: 7.015496492385864 seconds
2025-10-06 15:00:43 - INFO - EXIF metadata transferred successfully.
2025-10-06 15:00:49 - INFO - Decoding RAW file...
2025-10-06 15:00:53 - INFO - RAW file decoded successfully.
2025-10-06 15:00:57 - INFO - Applying exposure correction...
2025-10-06 15:01:48 - INFO - Exposure correction applied.
2025-10-06 15:01:52 - INFO - Applying white balance correction
2025-10-06 15:01:53 - INFO - White balance correction applied successfully
2025-10-06 15:01:57 - INFO - Applying ridge correction matrix...
2025-10-06 15:01:59 - INFO - Color correction matrix applied.
2025-10-06 15:02:03 - INFO - Applying fin color correction matrix...
2025-10-06 15:02:03 - INFO - Additional color correction matrix applied.
2025-10-06 15:02:08 - INFO - Starting WLS correction process...
2025-10-06 15:02:11 - INFO - WLS correction applied successfully.
2025-10-06 15:02:15 - INFO - Starting polynomial fitting correction process...
2025-10-06 15:02:22 - INFO - Polynomial fitting correction applied successfully.
2025-10-06 15:02:22 - INFO - Time taken: 6.932060241699219 seconds
2025-10-06 15:02:45 - INFO - EXIF metadata transferred successfully.
2025-10-06 15:02:51 - INFO - Decoding RAW file...
2025-10-06 15:02:55 - INFO - RAW file decoded successfully.
2025-10-06 15:02:59 - INFO - Applying exposure correction...
2025-10-06 15:03:49 - INFO - Exposure correction applied.
2025-10-06 15:03:53 - INFO - Applying white balance correction
2025-10-06 15:03:55 - INFO - White balance correction applied successfully
2025-10-06 15:03:59 - INFO - Applying ridge correction matrix...
2025-10-06 15:04:00 - INFO - Color correction matrix applied.
2025-10-06 15:04:04 - INFO - Applying fin color correction matrix...
2025-10-06 15:04:05 - INFO - Additional color correction matrix applied.
2025-10-06 15:04:09 - INFO - Starting WLS correction process...
2025-10-06 15:04:13 - INFO - WLS correction applied successfully.
2025-10-06 15:04:17 - INFO - Starting polynomial fitting correction process...
2025-10-06 15:04:24 - INFO - Polynomial fitting correction applied successfully.
2025-10-06 15:04:24 - INFO - Time taken: 7.015124082565308 seconds
2025-10-06 15:04:46 - INFO - EXIF metadata transferred successfully.
2025-10-06 15:04:52 - INFO - Decoding RAW file...
2025-10-06 15:04:56 - INFO - RAW file decoded successfully.
2025-10-06 15:05:00 - INFO - Applying exposure correction...
2025-10-06 15:05:49 - INFO - Exposure correction applied.
2025-10-06 15:05:53 - INFO - Applying white balance correction
2025-10-06 15:05:55 - INFO - White balance correction applied successfully
2025-10-06 15:05:59 - INFO - Applying ridge correction matrix...
2025-10-06 15:06:00 - INFO - Color correction matrix applied.
2025-10-06 15:06:04 - INFO - Applying fin color correction matrix...
2025-10-06 15:06:05 - INFO - Additional color correction matrix applied.
2025-10-06 15:06:09 - INFO - Starting WLS correction process...
2025-10-06 15:06:12 - INFO - WLS correction applied successfully.
2025-10-06 15:06:16 - INFO - Starting polynomial fitting correction process...
2025-10-06 15:06:24 - INFO - Polynomial fitting correction applied successfully.
2025-10-06 15:06:24 - INFO - Time taken: 7.083815574645996 seconds
2025-10-06 15:06:46 - INFO - EXIF metadata transferred successfully.
2025-10-06 15:06:46 - INFO - Development Mode completed successfully.
